  Field.cpp
C:\Users\yugyeong\Desktop\Study_CPP\TextRPG\TextRPG\Player.h(17,26): error C2248: 'Obj::m_info': private 멤버('Obj' 클래스에서 선언)에 액세스할 수 없습니다.
  (소스 파일 'Field.cpp'을(를) 컴파일하는 중)
      C:\Users\yugyeong\Desktop\Study_CPP\TextRPG\TextRPG\Obj.h(15,7):
      'Obj::m_info' 선언을 참조하십시오.
      C:\Users\yugyeong\Desktop\Study_CPP\TextRPG\TextRPG\Obj.h(4,7):
      'Obj' 선언을 참조하십시오.
  
  MainGame.cpp
C:\Users\yugyeong\Desktop\Study_CPP\TextRPG\TextRPG\Player.h(17,26): error C2248: 'Obj::m_info': private 멤버('Obj' 클래스에서 선언)에 액세스할 수 없습니다.
  (소스 파일 'MainGame.cpp'을(를) 컴파일하는 중)
      C:\Users\yugyeong\Desktop\Study_CPP\TextRPG\TextRPG\Obj.h(15,7):
      'Obj::m_info' 선언을 참조하십시오.
      C:\Users\yugyeong\Desktop\Study_CPP\TextRPG\TextRPG\Obj.h(4,7):
      'Obj' 선언을 참조하십시오.
  
  Monster.cpp
C:\Users\yugyeong\Desktop\Study_CPP\TextRPG\TextRPG\Monster.cpp(10,11): error C2248: 'Obj::m_info': private 멤버('Obj' 클래스에서 선언)에 액세스할 수 없습니다.
      C:\Users\yugyeong\Desktop\Study_CPP\TextRPG\TextRPG\Obj.h(15,7):
      'Obj::m_info' 선언을 참조하십시오.
      C:\Users\yugyeong\Desktop\Study_CPP\TextRPG\TextRPG\Obj.h(4,7):
      'Obj' 선언을 참조하십시오.
  
C:\Users\yugyeong\Desktop\Study_CPP\TextRPG\TextRPG\Monster.cpp(10,35): error C2248: 'Obj::m_info': private 멤버('Obj' 클래스에서 선언)에 액세스할 수 없습니다.
      C:\Users\yugyeong\Desktop\Study_CPP\TextRPG\TextRPG\Obj.h(15,7):
      'Obj::m_info' 선언을 참조하십시오.
      C:\Users\yugyeong\Desktop\Study_CPP\TextRPG\TextRPG\Obj.h(4,7):
      'Obj' 선언을 참조하십시오.
  
C:\Users\yugyeong\Desktop\Study_CPP\TextRPG\TextRPG\Monster.cpp(11,2): error C2248: 'Obj::m_info': private 멤버('Obj' 클래스에서 선언)에 액세스할 수 없습니다.
      C:\Users\yugyeong\Desktop\Study_CPP\TextRPG\TextRPG\Obj.h(15,7):
      'Obj::m_info' 선언을 참조하십시오.
      C:\Users\yugyeong\Desktop\Study_CPP\TextRPG\TextRPG\Obj.h(4,7):
      'Obj' 선언을 참조하십시오.
  
C:\Users\yugyeong\Desktop\Study_CPP\TextRPG\TextRPG\Monster.cpp(12,2): error C2248: 'Obj::m_info': private 멤버('Obj' 클래스에서 선언)에 액세스할 수 없습니다.
      C:\Users\yugyeong\Desktop\Study_CPP\TextRPG\TextRPG\Obj.h(15,7):
      'Obj::m_info' 선언을 참조하십시오.
      C:\Users\yugyeong\Desktop\Study_CPP\TextRPG\TextRPG\Obj.h(4,7):
      'Obj' 선언을 참조하십시오.
  
  Obj.cpp
  Player.cpp
C:\Users\yugyeong\Desktop\Study_CPP\TextRPG\TextRPG\Player.h(17,26): error C2248: 'Obj::m_info': private 멤버('Obj' 클래스에서 선언)에 액세스할 수 없습니다.
  (소스 파일 'Player.cpp'을(를) 컴파일하는 중)
      C:\Users\yugyeong\Desktop\Study_CPP\TextRPG\TextRPG\Obj.h(15,7):
      'Obj::m_info' 선언을 참조하십시오.
      C:\Users\yugyeong\Desktop\Study_CPP\TextRPG\TextRPG\Obj.h(4,7):
      'Obj' 선언을 참조하십시오.
  
C:\Users\yugyeong\Desktop\Study_CPP\TextRPG\TextRPG\Player.cpp(11,14): error C2248: 'Obj::m_info': private 멤버('Obj' 클래스에서 선언)에 액세스할 수 없습니다.
      C:\Users\yugyeong\Desktop\Study_CPP\TextRPG\TextRPG\Obj.h(15,7):
      'Obj::m_info' 선언을 참조하십시오.
      C:\Users\yugyeong\Desktop\Study_CPP\TextRPG\TextRPG\Obj.h(4,7):
      'Obj' 선언을 참조하십시오.
  
C:\Users\yugyeong\Desktop\Study_CPP\TextRPG\TextRPG\Player.cpp(11,38): error C2248: 'Obj::m_info': private 멤버('Obj' 클래스에서 선언)에 액세스할 수 없습니다.
      C:\Users\yugyeong\Desktop\Study_CPP\TextRPG\TextRPG\Obj.h(15,7):
      'Obj::m_info' 선언을 참조하십시오.
      C:\Users\yugyeong\Desktop\Study_CPP\TextRPG\TextRPG\Obj.h(4,7):
      'Obj' 선언을 참조하십시오.
  
C:\Users\yugyeong\Desktop\Study_CPP\TextRPG\TextRPG\Player.cpp(12,5): error C2248: 'Obj::m_info': private 멤버('Obj' 클래스에서 선언)에 액세스할 수 없습니다.
      C:\Users\yugyeong\Desktop\Study_CPP\TextRPG\TextRPG\Obj.h(15,7):
      'Obj::m_info' 선언을 참조하십시오.
      C:\Users\yugyeong\Desktop\Study_CPP\TextRPG\TextRPG\Obj.h(4,7):
      'Obj' 선언을 참조하십시오.
  
C:\Users\yugyeong\Desktop\Study_CPP\TextRPG\TextRPG\Player.cpp(13,5): error C2248: 'Obj::m_info': private 멤버('Obj' 클래스에서 선언)에 액세스할 수 없습니다.
      C:\Users\yugyeong\Desktop\Study_CPP\TextRPG\TextRPG\Obj.h(15,7):
      'Obj::m_info' 선언을 참조하십시오.
      C:\Users\yugyeong\Desktop\Study_CPP\TextRPG\TextRPG\Obj.h(4,7):
      'Obj' 선언을 참조하십시오.
  
C:\Users\yugyeong\Desktop\Study_CPP\TextRPG\TextRPG\Player.cpp(28,16): error C2248: 'Obj::m_info': private 멤버('Obj' 클래스에서 선언)에 액세스할 수 없습니다.
      C:\Users\yugyeong\Desktop\Study_CPP\TextRPG\TextRPG\Obj.h(15,7):
      'Obj::m_info' 선언을 참조하십시오.
      C:\Users\yugyeong\Desktop\Study_CPP\TextRPG\TextRPG\Obj.h(4,7):
      'Obj' 선언을 참조하십시오.
  
C:\Users\yugyeong\Desktop\Study_CPP\TextRPG\TextRPG\Player.cpp(51,17): error C2248: 'Obj::m_info': private 멤버('Obj' 클래스에서 선언)에 액세스할 수 없습니다.
      C:\Users\yugyeong\Desktop\Study_CPP\TextRPG\TextRPG\Obj.h(15,7):
      'Obj::m_info' 선언을 참조하십시오.
      C:\Users\yugyeong\Desktop\Study_CPP\TextRPG\TextRPG\Obj.h(4,7):
      'Obj' 선언을 참조하십시오.
  
C:\Users\yugyeong\Desktop\Study_CPP\TextRPG\TextRPG\Player.cpp(67,14): error C2248: 'Obj::m_info': private 멤버('Obj' 클래스에서 선언)에 액세스할 수 없습니다.
      C:\Users\yugyeong\Desktop\Study_CPP\TextRPG\TextRPG\Obj.h(15,7):
      'Obj::m_info' 선언을 참조하십시오.
      C:\Users\yugyeong\Desktop\Study_CPP\TextRPG\TextRPG\Obj.h(4,7):
      'Obj' 선언을 참조하십시오.
  
C:\Users\yugyeong\Desktop\Study_CPP\TextRPG\TextRPG\Player.cpp(67,38): error C2248: 'Obj::m_info': private 멤버('Obj' 클래스에서 선언)에 액세스할 수 없습니다.
      C:\Users\yugyeong\Desktop\Study_CPP\TextRPG\TextRPG\Obj.h(15,7):
      'Obj::m_info' 선언을 참조하십시오.
      C:\Users\yugyeong\Desktop\Study_CPP\TextRPG\TextRPG\Obj.h(4,7):
      'Obj' 선언을 참조하십시오.
  
C:\Users\yugyeong\Desktop\Study_CPP\TextRPG\TextRPG\Player.cpp(68,5): error C2248: 'Obj::m_info': private 멤버('Obj' 클래스에서 선언)에 액세스할 수 없습니다.
      C:\Users\yugyeong\Desktop\Study_CPP\TextRPG\TextRPG\Obj.h(15,7):
      'Obj::m_info' 선언을 참조하십시오.
      C:\Users\yugyeong\Desktop\Study_CPP\TextRPG\TextRPG\Obj.h(4,7):
      'Obj' 선언을 참조하십시오.
  
C:\Users\yugyeong\Desktop\Study_CPP\TextRPG\TextRPG\Player.cpp(69,5): error C2248: 'Obj::m_info': private 멤버('Obj' 클래스에서 선언)에 액세스할 수 없습니다.
      C:\Users\yugyeong\Desktop\Study_CPP\TextRPG\TextRPG\Obj.h(15,7):
      'Obj::m_info' 선언을 참조하십시오.
      C:\Users\yugyeong\Desktop\Study_CPP\TextRPG\TextRPG\Obj.h(4,7):
      'Obj' 선언을 참조하십시오.
  
  TextRPG.cpp
C:\Users\yugyeong\Desktop\Study_CPP\TextRPG\TextRPG\Player.h(17,26): error C2248: 'Obj::m_info': private 멤버('Obj' 클래스에서 선언)에 액세스할 수 없습니다.
  (소스 파일 'TextRPG.cpp'을(를) 컴파일하는 중)
      C:\Users\yugyeong\Desktop\Study_CPP\TextRPG\TextRPG\Obj.h(15,7):
      'Obj::m_info' 선언을 참조하십시오.
      C:\Users\yugyeong\Desktop\Study_CPP\TextRPG\TextRPG\Obj.h(4,7):
      'Obj' 선언을 참조하십시오.
  
  코드를 생성하고 있습니다...
