c:\users\yugyeong\desktop\study_cpp\playtextrpg\playtextrpg\x64\release\vc143.pdb
c:\users\yugyeong\desktop\study_cpp\playtextrpg\playtextrpg\x64\release\warrior.obj
c:\users\yugyeong\desktop\study_cpp\playtextrpg\playtextrpg\x64\release\textrpg.obj
c:\users\yugyeong\desktop\study_cpp\playtextrpg\playtextrpg\x64\release\test.obj
c:\users\yugyeong\desktop\study_cpp\playtextrpg\playtextrpg\x64\release\player.obj
c:\users\yugyeong\desktop\study_cpp\playtextrpg\playtextrpg\x64\release\monster.obj
c:\users\yugyeong\desktop\study_cpp\playtextrpg\playtextrpg\x64\release\middledungeon.obj
c:\users\yugyeong\desktop\study_cpp\playtextrpg\playtextrpg\x64\release\mainmenu.obj
c:\users\yugyeong\desktop\study_cpp\playtextrpg\playtextrpg\x64\release\maingame.obj
c:\users\yugyeong\desktop\study_cpp\playtextrpg\playtextrpg\x64\release\mage.obj
c:\users\yugyeong\desktop\study_cpp\playtextrpg\playtextrpg\x64\release\lowdungeon.obj
c:\users\yugyeong\desktop\study_cpp\playtextrpg\playtextrpg\x64\release\login.obj
c:\users\yugyeong\desktop\study_cpp\playtextrpg\playtextrpg\x64\release\highdungeon.obj
c:\users\yugyeong\desktop\study_cpp\playtextrpg\playtextrpg\x64\release\fighter.obj
c:\users\yugyeong\desktop\study_cpp\playtextrpg\playtextrpg\x64\release\field.obj
c:\users\yugyeong\desktop\study_cpp\playtextrpg\playtextrpg\x64\release\dungeon.obj
c:\users\yugyeong\desktop\study_cpp\playtextrpg\playtextrpg\x64\release\color.obj
c:\users\yugyeong\desktop\study_cpp\playtextrpg\x64\release\playtextrpg.exe
c:\users\yugyeong\desktop\study_cpp\playtextrpg\x64\release\playtextrpg.pdb
c:\users\yugyeong\desktop\study_cpp\playtextrpg\playtextrpg\x64\release\playtextrpg.ipdb
c:\users\yugyeong\desktop\study_cpp\playtextrpg\playtextrpg\x64\release\playtextrpg.iobj
c:\users\yugyeong\desktop\study_cpp\playtextrpg\playtextrpg\x64\release\playtextrpg.tlog\cl.command.1.tlog
c:\users\yugyeong\desktop\study_cpp\playtextrpg\playtextrpg\x64\release\playtextrpg.tlog\cl.items.tlog
c:\users\yugyeong\desktop\study_cpp\playtextrpg\playtextrpg\x64\release\playtextrpg.tlog\cl.read.1.tlog
c:\users\yugyeong\desktop\study_cpp\playtextrpg\playtextrpg\x64\release\playtextrpg.tlog\cl.write.1.tlog
c:\users\yugyeong\desktop\study_cpp\playtextrpg\playtextrpg\x64\release\playtextrpg.tlog\link.command.1.tlog
c:\users\yugyeong\desktop\study_cpp\playtextrpg\playtextrpg\x64\release\playtextrpg.tlog\link.read.1.tlog
c:\users\yugyeong\desktop\study_cpp\playtextrpg\playtextrpg\x64\release\playtextrpg.tlog\link.secondary.1.tlog
c:\users\yugyeong\desktop\study_cpp\playtextrpg\playtextrpg\x64\release\playtextrpg.tlog\link.write.1.tlog
