c:\users\yugyeong\desktop\study_cpp\playtextrpg\playtextrpg\x64\debug\vc143.pdb
c:\users\yugyeong\desktop\study_cpp\playtextrpg\playtextrpg\x64\debug\vc143.idb
c:\users\yugyeong\desktop\study_cpp\playtextrpg\playtextrpg\x64\debug\warrior.obj
c:\users\yugyeong\desktop\study_cpp\playtextrpg\playtextrpg\x64\debug\test.obj
c:\users\yugyeong\desktop\study_cpp\playtextrpg\playtextrpg\x64\debug\store.obj
c:\users\yugyeong\desktop\study_cpp\playtextrpg\playtextrpg\x64\debug\player.obj
c:\users\yugyeong\desktop\study_cpp\playtextrpg\playtextrpg\x64\debug\monster.obj
c:\users\yugyeong\desktop\study_cpp\playtextrpg\playtextrpg\x64\debug\minigame.obj
c:\users\yugyeong\desktop\study_cpp\playtextrpg\playtextrpg\x64\debug\middledungeon.obj
c:\users\yugyeong\desktop\study_cpp\playtextrpg\playtextrpg\x64\debug\mainmenu.obj
c:\users\yugyeong\desktop\study_cpp\playtextrpg\playtextrpg\x64\debug\maingame.obj
c:\users\yugyeong\desktop\study_cpp\playtextrpg\playtextrpg\x64\debug\mage.obj
c:\users\yugyeong\desktop\study_cpp\playtextrpg\playtextrpg\x64\debug\lowdungeon.obj
c:\users\yugyeong\desktop\study_cpp\playtextrpg\playtextrpg\x64\debug\login.obj
c:\users\yugyeong\desktop\study_cpp\playtextrpg\playtextrpg\x64\debug\inventory.obj
c:\users\yugyeong\desktop\study_cpp\playtextrpg\playtextrpg\x64\debug\highdungeon.obj
c:\users\yugyeong\desktop\study_cpp\playtextrpg\playtextrpg\x64\debug\fighter.obj
c:\users\yugyeong\desktop\study_cpp\playtextrpg\playtextrpg\x64\debug\field.obj
c:\users\yugyeong\desktop\study_cpp\playtextrpg\playtextrpg\x64\debug\dungeon.obj
c:\users\yugyeong\desktop\study_cpp\playtextrpg\playtextrpg\x64\debug\color.obj
c:\users\yugyeong\desktop\study_cpp\playtextrpg\playtextrpg\x64\debug\roulette.obj
c:\users\yugyeong\desktop\study_cpp\playtextrpg\x64\debug\playtextrpg.exe
c:\users\yugyeong\desktop\study_cpp\playtextrpg\x64\debug\playtextrpg.pdb
c:\users\yugyeong\desktop\study_cpp\playtextrpg\playtextrpg\x64\debug\playtextrpg.ilk
c:\users\yugyeong\desktop\study_cpp\playtextrpg\playtextrpg\x64\debug\textrpg.obj
c:\users\yugyeong\desktop\study_cpp\playtextrpg\playtextrpg\x64\debug\playtextrpg.tlog\cl.command.1.tlog
c:\users\yugyeong\desktop\study_cpp\playtextrpg\playtextrpg\x64\debug\playtextrpg.tlog\cl.items.tlog
c:\users\yugyeong\desktop\study_cpp\playtextrpg\playtextrpg\x64\debug\playtextrpg.tlog\cl.read.1.tlog
c:\users\yugyeong\desktop\study_cpp\playtextrpg\playtextrpg\x64\debug\playtextrpg.tlog\cl.write.1.tlog
c:\users\yugyeong\desktop\study_cpp\playtextrpg\playtextrpg\x64\debug\playtextrpg.tlog\link.command.1.tlog
c:\users\yugyeong\desktop\study_cpp\playtextrpg\playtextrpg\x64\debug\playtextrpg.tlog\link.read.1.tlog
c:\users\yugyeong\desktop\study_cpp\playtextrpg\playtextrpg\x64\debug\playtextrpg.tlog\link.secondary.1.tlog
c:\users\yugyeong\desktop\study_cpp\playtextrpg\playtextrpg\x64\debug\playtextrpg.tlog\link.write.1.tlog
